<?xml version="1.0" encoding="UTF-8"?>
<testng-results skipped="0" failed="1" total="1" passed="0">
  <reporter-output>
  </reporter-output>
  <suite name="Suite" duration-ms="31370" started-at="2016-03-21T16:05:06Z" finished-at="2016-03-21T16:05:37Z">
    <groups>
    </groups>
    <test name="Test" duration-ms="31370" started-at="2016-03-21T16:05:06Z" finished-at="2016-03-21T16:05:37Z">
      <class name="org.quinnox.verifyLogin.VerifyLoginTest">
        <test-method status="FAIL" signature="verifyLogin()[pri:0, instance:org.quinnox.verifyLogin.VerifyLoginTest@29d322a6]" name="verifyLogin" duration-ms="31356" started-at="2016-03-21T12:05:06Z" finished-at="2016-03-21T12:05:37Z">
          <exception class="org.openqa.selenium.NoSuchElementException">
            <message>
              <![CDATA[{"errorMessage":"Unable to find element with class name 'abcRioButtonContentWrapper'","request":{"headers":{"Accept-Encoding":"gzip,deflate","Connection":"Keep-Alive","Content-Length":"59","Content-Type":"application/json; charset=utf-8","Host":"localhost:7023","User-Agent":"Apache-HttpClient/4.5.1 (Java/1.7.0_75)"},"httpVersion":"1.1","method":"POST","post":"{\"using\":\"class name\",\"value\":\"abcRioButtonContentWrapper\"}","url":"/element","urlParsed":{"anchor":"","query":"","file":"element","directory":"/","path":"/element","relative":"/element","port":"","host":"","password":"","user":"","userInfo":"","authority":"","protocol":"","source":"/element","queryKey":{},"chunks":["element"]},"urlOriginal":"/session/ae44f260-ef7e-11e5-8b9a-191ff1a413bc/element"}}
Command duration or timeout: 20.19 seconds
For documentation on this error, please visit: http://seleniumhq.org/exceptions/no_such_element.html
Build info: version: '2.52.0', revision: '4c2593c', time: '2016-02-11 19:03:33'
System info: host: 'va32lappnjboss07', ip: '100.65.177.172', os.name: 'Linux', os.arch: 'amd64', os.version: '2.6.32-431.el6.x86_64', java.version: '1.7.0_75'
*** Element info: {Using=class name, value=abcRioButtonContentWrapper}
Session ID: ae44f260-ef7e-11e5-8b9a-191ff1a413bc
Driver info: org.openqa.selenium.phantomjs.PhantomJSDriver
Capabilities [{platform=LINUX, acceptSslCerts=false, javascriptEnabled=true, browserName=phantomjs, rotatable=false, driverVersion=1.2.0, locationContextEnabled=false, version=2.1.1, cssSelectorsEnabled=true, databaseEnabled=false, handlesAlerts=false, browserConnectionEnabled=false, proxy={proxyType=direct}, nativeEvents=true, webStorageEnabled=false, driverName=ghostdriver, applicationCacheEnabled=false, takesScreenshot=true}]]]>
            </message>
            <full-stacktrace>
              <![CDATA[org.openqa.selenium.NoSuchElementException: {"errorMessage":"Unable to find element with class name 'abcRioButtonContentWrapper'","request":{"headers":{"Accept-Encoding":"gzip,deflate","Connection":"Keep-Alive","Content-Length":"59","Content-Type":"application/json; charset=utf-8","Host":"localhost:7023","User-Agent":"Apache-HttpClient/4.5.1 (Java/1.7.0_75)"},"httpVersion":"1.1","method":"POST","post":"{\"using\":\"class name\",\"value\":\"abcRioButtonContentWrapper\"}","url":"/element","urlParsed":{"anchor":"","query":"","file":"element","directory":"/","path":"/element","relative":"/element","port":"","host":"","password":"","user":"","userInfo":"","authority":"","protocol":"","source":"/element","queryKey":{},"chunks":["element"]},"urlOriginal":"/session/ae44f260-ef7e-11e5-8b9a-191ff1a413bc/element"}}
Command duration or timeout: 20.19 seconds
For documentation on this error, please visit: http://seleniumhq.org/exceptions/no_such_element.html
Build info: version: '2.52.0', revision: '4c2593c', time: '2016-02-11 19:03:33'
System info: host: 'va32lappnjboss07', ip: '100.65.177.172', os.name: 'Linux', os.arch: 'amd64', os.version: '2.6.32-431.el6.x86_64', java.version: '1.7.0_75'
*** Element info: {Using=class name, value=abcRioButtonContentWrapper}
Session ID: ae44f260-ef7e-11e5-8b9a-191ff1a413bc
Driver info: org.openqa.selenium.phantomjs.PhantomJSDriver
Capabilities [{platform=LINUX, acceptSslCerts=false, javascriptEnabled=true, browserName=phantomjs, rotatable=false, driverVersion=1.2.0, locationContextEnabled=false, version=2.1.1, cssSelectorsEnabled=true, databaseEnabled=false, handlesAlerts=false, browserConnectionEnabled=false, proxy={proxyType=direct}, nativeEvents=true, webStorageEnabled=false, driverName=ghostdriver, applicationCacheEnabled=false, takesScreenshot=true}]
	at sun.reflect.NativeConstructorAccessorImpl.newInstance0(Native Method)
	at sun.reflect.NativeConstructorAccessorImpl.newInstance(Unknown Source)
	at sun.reflect.DelegatingConstructorAccessorImpl.newInstance(Unknown Source)
	at java.lang.reflect.Constructor.newInstance(Unknown Source)
	at org.openqa.selenium.remote.ErrorHandler.createThrowable(ErrorHandler.java:206)
	at org.openqa.selenium.remote.ErrorHandler.throwIfResponseFailed(ErrorHandler.java:158)
	at org.openqa.selenium.remote.RemoteWebDriver.execute(RemoteWebDriver.java:678)
	at org.openqa.selenium.remote.RemoteWebDriver.findElement(RemoteWebDriver.java:363)
	at org.openqa.selenium.remote.RemoteWebDriver.findElementByClassName(RemoteWebDriver.java:477)
	at org.openqa.selenium.By$ByClassName.findElement(By.java:391)
	at org.openqa.selenium.remote.RemoteWebDriver.findElement(RemoteWebDriver.java:355)
	at org.quinnox.verifyLogin.VerifyLoginTest.verifyLogin(VerifyLoginTest.java:37)
	at sun.reflect.NativeMethodAccessorImpl.invoke0(Native Method)
	at sun.reflect.NativeMethodAccessorImpl.invoke(Unknown Source)
	at sun.reflect.DelegatingMethodAccessorImpl.invoke(Unknown Source)
	at java.lang.reflect.Method.invoke(Unknown Source)
	at org.testng.internal.MethodInvocationHelper.invokeMethod(MethodInvocationHelper.java:85)
	at org.testng.internal.Invoker.invokeMethod(Invoker.java:639)
	at org.testng.internal.Invoker.invokeTestMethod(Invoker.java:816)
	at org.testng.internal.Invoker.invokeTestMethods(Invoker.java:1124)
	at org.testng.internal.TestMethodWorker.invokeTestMethods(TestMethodWorker.java:125)
	at org.testng.internal.TestMethodWorker.run(TestMethodWorker.java:108)
	at org.testng.TestRunner.privateRun(TestRunner.java:774)
	at org.testng.TestRunner.run(TestRunner.java:624)
	at org.testng.SuiteRunner.runTest(SuiteRunner.java:359)
	at org.testng.SuiteRunner.runSequentially(SuiteRunner.java:354)
	at org.testng.SuiteRunner.privateRun(SuiteRunner.java:312)
	at org.testng.SuiteRunner.run(SuiteRunner.java:261)
	at org.testng.SuiteRunnerWorker.runSuite(SuiteRunnerWorker.java:52)
	at org.testng.SuiteRunnerWorker.run(SuiteRunnerWorker.java:86)
	at org.testng.TestNG.runSuitesSequentially(TestNG.java:1215)
	at org.testng.TestNG.runSuitesLocally(TestNG.java:1140)
	at org.testng.TestNG.run(TestNG.java:1048)
	at org.testng.TestNG.privateMain(TestNG.java:1355)
	at org.testng.TestNG.main(TestNG.java:1324)
Caused by: org.openqa.selenium.remote.ScreenshotException: Screen shot has been taken
Build info: version: '2.52.0', revision: '4c2593c', time: '2016-02-11 19:03:33'
System info: host: 'va32lappnjboss07', ip: '100.65.177.172', os.name: 'Linux', os.arch: 'amd64', os.version: '2.6.32-431.el6.x86_64', java.version: '1.7.0_75'
Driver info: driver.version: RemoteWebDriver
	at org.openqa.selenium.remote.ErrorHandler.throwIfResponseFailed(ErrorHandler.java:138)
	... 29 more
Caused by: org.openqa.selenium.NoSuchElementException: {"errorMessage":"Unable to find element with class name 'abcRioButtonContentWrapper'","request":{"headers":{"Accept-Encoding":"gzip,deflate","Connection":"Keep-Alive","Content-Length":"59","Content-Type":"application/json; charset=utf-8","Host":"localhost:7023","User-Agent":"Apache-HttpClient/4.5.1 (Java/1.7.0_75)"},"httpVersion":"1.1","method":"POST","post":"{\"using\":\"class name\",\"value\":\"abcRioButtonContentWrapper\"}","url":"/element","urlParsed":{"anchor":"","query":"","file":"element","directory":"/","path":"/element","relative":"/element","port":"","host":"","password":"","user":"","userInfo":"","authority":"","protocol":"","source":"/element","queryKey":{},"chunks":["element"]},"urlOriginal":"/session/ae44f260-ef7e-11e5-8b9a-191ff1a413bc/element"}}
For documentation on this error, please visit: http://seleniumhq.org/exceptions/no_such_element.html
Build info: version: '2.52.0', revision: '4c2593c', time: '2016-02-11 19:03:33'
System info: host: 'va32lappnjboss07', ip: '100.65.177.172', os.name: 'Linux', os.arch: 'amd64', os.version: '2.6.32-431.el6.x86_64', java.version: '1.7.0_75'
Driver info: driver.version: unknown
]]>
            </full-stacktrace>
          </exception> <!-- org.openqa.selenium.NoSuchElementException -->
          <reporter-output>
          </reporter-output>
        </test-method> <!-- verifyLogin -->
      </class> <!-- org.quinnox.verifyLogin.VerifyLoginTest -->
    </test> <!-- Test -->
  </suite> <!-- Suite -->
</testng-results>
